C:\PERFORCE\ELIZABETH_9215\2014_COHORT\2ND_YEAR\STUDENTS\ELIZABETH.ROWLANDS\USER\AIE_YEAR2_FRAMEWORK\PROJECTS\PARTICLE SYSTEMS\DEBUG\PARTICLEEMITTER.OBJ
C:\PERFORCE\ELIZABETH_9215\2014_COHORT\2ND_YEAR\STUDENTS\ELIZABETH.ROWLANDS\USER\AIE_YEAR2_FRAMEWORK\PROJECTS\PARTICLE SYSTEMS\DEBUG\PARTICLESYSTEM.OBJ
C:\PERFORCE\ELIZABETH_9215\2014_COHORT\2ND_YEAR\STUDENTS\ELIZABETH.ROWLANDS\USER\AIE_YEAR2_FRAMEWORK\PROJECTS\PARTICLE SYSTEMS\DEBUG\PARTICLE_SYSTEMS.OBJ
C:\PERFORCE\ELIZABETH_9215\2014_COHORT\2ND_YEAR\STUDENTS\ELIZABETH.ROWLANDS\USER\AIE_YEAR2_FRAMEWORK\PROJECTS\PARTICLE SYSTEMS\DEBUG\VC110.PDB
C:\PERFORCE\ELIZABETH_9215\2014_COHORT\2ND_YEAR\STUDENTS\ELIZABETH.ROWLANDS\USER\AIE_YEAR2_FRAMEWORK\PROJECTS\PARTICLE SYSTEMS\DEBUG\PARTICLE SYSTEMS.ILK
C:\PERFORCE\ELIZABETH_9215\2014_COHORT\2ND_YEAR\STUDENTS\ELIZABETH.ROWLANDS\USER\AIE_YEAR2_FRAMEWORK\PROJECTS\PARTICLE SYSTEMS\DEBUG\PARTICLE SYSTEMS.EXE
C:\PERFORCE\ELIZABETH_9215\2014_COHORT\2ND_YEAR\STUDENTS\ELIZABETH.ROWLANDS\USER\AIE_YEAR2_FRAMEWORK\PROJECTS\PARTICLE SYSTEMS\DEBUG\PARTICLE SYSTEMS.PDB
C:\Perforce\Elizabeth_9215\2014_Cohort\2nd_Year\Students\elizabeth.rowlands\User\AIE_Year2_Framework\Projects\Particle Systems\Debug\ParticleEmitter.obj
C:\Perforce\Elizabeth_9215\2014_Cohort\2nd_Year\Students\elizabeth.rowlands\User\AIE_Year2_Framework\Projects\Particle Systems\Debug\ParticleSystem.obj
C:\Perforce\Elizabeth_9215\2014_Cohort\2nd_Year\Students\elizabeth.rowlands\User\AIE_Year2_Framework\Projects\Particle Systems\Debug\Particle_Systems.obj
C:\Perforce\Elizabeth_9215\2014_Cohort\2nd_Year\Students\elizabeth.rowlands\User\AIE_Year2_Framework\Projects\Particle Systems\Debug\Particle Systems.ilk
C:\Perforce\Elizabeth_9215\2014_Cohort\2nd_Year\Students\elizabeth.rowlands\User\AIE_Year2_Framework\Projects\Particle Systems\Debug\cl.command.1.tlog
C:\Perforce\Elizabeth_9215\2014_Cohort\2nd_Year\Students\elizabeth.rowlands\User\AIE_Year2_Framework\Projects\Particle Systems\Debug\CL.read.1.tlog
C:\Perforce\Elizabeth_9215\2014_Cohort\2nd_Year\Students\elizabeth.rowlands\User\AIE_Year2_Framework\Projects\Particle Systems\Debug\CL.write.1.tlog
C:\Perforce\Elizabeth_9215\2014_Cohort\2nd_Year\Students\elizabeth.rowlands\User\AIE_Year2_Framework\Projects\Particle Systems\Debug\link.2336-cvtres.read.1.tlog
C:\Perforce\Elizabeth_9215\2014_Cohort\2nd_Year\Students\elizabeth.rowlands\User\AIE_Year2_Framework\Projects\Particle Systems\Debug\link.2336-cvtres.write.1.tlog
C:\Perforce\Elizabeth_9215\2014_Cohort\2nd_Year\Students\elizabeth.rowlands\User\AIE_Year2_Framework\Projects\Particle Systems\Debug\link.2336-rc.read.1.tlog
C:\Perforce\Elizabeth_9215\2014_Cohort\2nd_Year\Students\elizabeth.rowlands\User\AIE_Year2_Framework\Projects\Particle Systems\Debug\link.2336-rc.write.1.tlog
C:\Perforce\Elizabeth_9215\2014_Cohort\2nd_Year\Students\elizabeth.rowlands\User\AIE_Year2_Framework\Projects\Particle Systems\Debug\link.2336.read.1.tlog
C:\Perforce\Elizabeth_9215\2014_Cohort\2nd_Year\Students\elizabeth.rowlands\User\AIE_Year2_Framework\Projects\Particle Systems\Debug\link.2336.write.1.tlog
C:\Perforce\Elizabeth_9215\2014_Cohort\2nd_Year\Students\elizabeth.rowlands\User\AIE_Year2_Framework\Projects\Particle Systems\Debug\link.command.1.tlog
C:\Perforce\Elizabeth_9215\2014_Cohort\2nd_Year\Students\elizabeth.rowlands\User\AIE_Year2_Framework\Projects\Particle Systems\Debug\link.read.1.tlog
C:\Perforce\Elizabeth_9215\2014_Cohort\2nd_Year\Students\elizabeth.rowlands\User\AIE_Year2_Framework\Projects\Particle Systems\Debug\link.write.1.tlog
C:\Perforce\Elizabeth_9215\2014_Cohort\2nd_Year\Students\elizabeth.rowlands\User\AIE_Year2_Framework\Projects\Particle Systems\Debug\vc110.idb
C:\Perforce\Elizabeth_9215\2014_Cohort\2nd_Year\Students\elizabeth.rowlands\User\AIE_Year2_Framework\Projects\Particle Systems\Debug\Particle Systems.pdb
C:\Perforce\Elizabeth_9215\2014_Cohort\2nd_Year\Students\elizabeth.rowlands\User\AIE_Year2_Framework\Projects\Particle Systems\Debug\vc110.pdb
C:\Perforce\Elizabeth_9215\2014_Cohort\2nd_Year\Students\elizabeth.rowlands\User\AIE_Year2_Framework\Projects\Particle Systems\Debug\Particle Systems.exe
