Build started 27/02/2014 2:06:19 PM.
     1>Project "C:\Perforce\Elizabeth_9215\2014_Cohort\2nd_Year\Students\elizabeth.rowlands\User\AIE_Year2_Framework\Projects\FBX Tutorial\FBX Tutorial.vcxproj" on node 3 (Rebuild target(s)).
     1>ClCompile:
         C:\Program Files (x86)\Microsoft Visual Studio 11.0\VC\bin\CL.exe /c /ZI /nologo /W3 /WX- /Od /Oy- /D GLM_SWIZZLE /D GLM_FORCE_RADIANS /D GLEW_STATIC /D _MBCS /Gm /EHsc /RTC1 /MDd /GS /fp:precise /Zc:wchar_t /Zc:forScope /Fo"Debug\\" /Fd"Debug\vc110.pdb" /Gd /TP /analyze- /errorReport:prompt FBX_Tutorial.cpp
         FBX_Tutorial.cpp
     1>c:\perforce\elizabeth_9215\2014_cohort\2nd_year\students\elizabeth.rowlands\user\aie_year2_framework\projects\fbx tutorial\fbx_tutorial.cpp(154): warning C4018: '<' : signed/unsigned mismatch
     1>c:\perforce\elizabeth_9215\2014_cohort\2nd_year\students\elizabeth.rowlands\user\aie_year2_framework\projects\fbx tutorial\fbx_tutorial.cpp(260): warning C4018: '<' : signed/unsigned mismatch
     1>c:\perforce\elizabeth_9215\2014_cohort\2nd_year\students\elizabeth.rowlands\user\aie_year2_framework\projects\fbx tutorial\fbx_tutorial.cpp(275): warning C4018: '<' : signed/unsigned mismatch
     1>c:\perforce\elizabeth_9215\2014_cohort\2nd_year\students\elizabeth.rowlands\user\aie_year2_framework\projects\fbx tutorial\fbx_tutorial.cpp(291): warning C4018: '<' : signed/unsigned mismatch
       Link:
         C:\Program Files (x86)\Microsoft Visual Studio 11.0\VC\bin\link.exe /ERRORREPORT:PROMPT /OUT:"Debug\FBX Tutorial.exe" /INCREMENTAL /NOLOGO FBXLoader_d.lib AIEFramework_d.lib kernel32.lib user32.lib gdi32.lib winspool.lib comdlg32.lib advapi32.lib shell32.lib ole32.lib oleaut32.lib uuid.lib odbc32.lib odbccp32.lib kernel32.lib user32.lib gdi32.lib winspool.lib comdlg32.lib advapi32.lib shell32.lib ole32.lib oleaut32.lib uuid.lib odbc32.lib odbccp32.lib /MANIFEST /MANIFESTUAC:"level='asInvoker' uiAccess='false'" /manifest:embed /DEBUG /PDB:"Debug\FBX Tutorial.pdb" /TLBID:1 /DYNAMICBASE /NXCOMPAT /IMPLIB:"Debug\FBX Tutorial.lib" /MACHINE:X86 Debug\FBX_Tutorial.obj
         AIEFramework_d.lib(SOIL.obj) : MSIL .netmodule or module compiled with /GL found; restarting link with /LTCG; add /LTCG to the link command line to improve linker performance
     1>LINK : warning LNK4075: ignoring '/INCREMENTAL' due to '/LTCG' specification
     1>FBX_Tutorial.obj : warning LNK4075: ignoring '/EDITANDCONTINUE' due to '/OPT:LBR' specification
     1>LINK : warning LNK4098: defaultlib 'MSVCRT' conflicts with use of other libs; use /NODEFAULTLIB:library
     1>LINK : warning LNK4098: defaultlib 'LIBCMT' conflicts with use of other libs; use /NODEFAULTLIB:library
         Generating code
         Finished generating code
     1>AIEFramework_d.lib(SOIL.obj) : warning LNK4204: 'C:\Perforce\Elizabeth_9215\2014_Cohort\2nd_Year\Students\elizabeth.rowlands\User\AIE_Year2_Framework\Projects\FBX Tutorial\Debug\vc110.pdb' is missing debugging information for referencing module; linking object as if no debug info
     1>AIEFramework_d.lib(stb_image_aug.obj) : warning LNK4204: 'C:\Perforce\Elizabeth_9215\2014_Cohort\2nd_Year\Students\elizabeth.rowlands\User\AIE_Year2_Framework\Projects\FBX Tutorial\Debug\vc110.pdb' is missing debugging information for referencing module; linking object as if no debug info
     1>AIEFramework_d.lib(image_helper.obj) : warning LNK4204: 'C:\Perforce\Elizabeth_9215\2014_Cohort\2nd_Year\Students\elizabeth.rowlands\User\AIE_Year2_Framework\Projects\FBX Tutorial\Debug\vc110.pdb' is missing debugging information for referencing module; linking object as if no debug info
     1>AIEFramework_d.lib(image_DXT.obj) : warning LNK4204: 'C:\Perforce\Elizabeth_9215\2014_Cohort\2nd_Year\Students\elizabeth.rowlands\User\AIE_Year2_Framework\Projects\FBX Tutorial\Debug\vc110.pdb' is missing debugging information for referencing module; linking object as if no debug info
     1>FBXLoader_d.lib(FBXFile.obj) : warning LNK4204: 'C:\Perforce\Elizabeth_9215\2014_Cohort\2nd_Year\Students\elizabeth.rowlands\User\AIE_Year2_Framework\Projects\FBX Tutorial\Debug\vc110.pdb' is missing debugging information for referencing module; linking object as if no debug info
     1>AIEFramework_d.lib(Application.obj) : warning LNK4204: 'C:\Perforce\Elizabeth_9215\2014_Cohort\2nd_Year\Students\elizabeth.rowlands\User\AIE_Year2_Framework\Projects\FBX Tutorial\Debug\vc110.pdb' is missing debugging information for referencing module; linking object as if no debug info
     1>AIEFramework_d.lib(Utilities.obj) : warning LNK4204: 'C:\Perforce\Elizabeth_9215\2014_Cohort\2nd_Year\Students\elizabeth.rowlands\User\AIE_Year2_Framework\Projects\FBX Tutorial\Debug\vc110.pdb' is missing debugging information for referencing module; linking object as if no debug info
     1>AIEFramework_d.lib(Gizmos.obj) : warning LNK4204: 'C:\Perforce\Elizabeth_9215\2014_Cohort\2nd_Year\Students\elizabeth.rowlands\User\AIE_Year2_Framework\Projects\FBX Tutorial\Debug\vc110.pdb' is missing debugging information for referencing module; linking object as if no debug info
     1>AIEFramework_d.lib(glew.obj) : warning LNK4099: PDB 'vc100.pdb' was not found with 'AIEFramework_d.lib(glew.obj)' or at 'C:\Perforce\Elizabeth_9215\2014_Cohort\2nd_Year\Students\elizabeth.rowlands\User\AIE_Year2_Framework\Projects\FBX Tutorial\Debug\vc100.pdb'; linking object as if no debug info
         FBX Tutorial.vcxproj -> C:\Perforce\Elizabeth_9215\2014_Cohort\2nd_Year\Students\elizabeth.rowlands\User\AIE_Year2_Framework\Projects\FBX Tutorial\Debug\FBX Tutorial.exe
     1>Done Building Project "C:\Perforce\Elizabeth_9215\2014_Cohort\2nd_Year\Students\elizabeth.rowlands\User\AIE_Year2_Framework\Projects\FBX Tutorial\FBX Tutorial.vcxproj" (Rebuild target(s)).

Build succeeded.

Time Elapsed 00:00:10.25
