Build started 28/02/2014 8:35:06 AM.
     1>Project "C:\Perforce\Elizabeth_9215\2014_Cohort\2nd_Year\Students\elizabeth.rowlands\User\AIE_Year2_Framework\Projects\DeferredRendering\DeferredRendering.vcxproj" on node 2 (Rebuild target(s)).
     1>ClCompile:
         C:\Program Files (x86)\Microsoft Visual Studio 11.0\VC\bin\CL.exe /c /ZI /nologo /W3 /WX- /Od /Oy- /D GLM_SWIZZLE /D GLM_FORCE_RADIANS /D GLEW_STATIC /D _MBCS /Gm /EHsc /RTC1 /MDd /GS /fp:precise /Zc:wchar_t /Zc:forScope /Fo"Debug\\" /Fd"Debug\vc110.pdb" /Gd /TP /analyze- /errorReport:prompt DeferredRendering.cpp
         DeferredRendering.cpp
     1>c:\perforce\elizabeth_9215\2014_cohort\2nd_year\students\elizabeth.rowlands\user\aie_year2_framework\projects\deferredrendering\deferredrendering.cpp(343): warning C4018: '<' : signed/unsigned mismatch
     1>c:\perforce\elizabeth_9215\2014_cohort\2nd_year\students\elizabeth.rowlands\user\aie_year2_framework\projects\deferredrendering\deferredrendering.cpp(451): warning C4018: '<' : signed/unsigned mismatch
     1>c:\perforce\elizabeth_9215\2014_cohort\2nd_year\students\elizabeth.rowlands\user\aie_year2_framework\projects\deferredrendering\deferredrendering.cpp(466): warning C4018: '<' : signed/unsigned mismatch
     1>c:\perforce\elizabeth_9215\2014_cohort\2nd_year\students\elizabeth.rowlands\user\aie_year2_framework\projects\deferredrendering\deferredrendering.cpp(480): warning C4018: '<' : signed/unsigned mismatch
       Link:
         C:\Program Files (x86)\Microsoft Visual Studio 11.0\VC\bin\link.exe /ERRORREPORT:PROMPT /OUT:"Debug\DeferredRendering.exe" /INCREMENTAL /NOLOGO FBXLoader_d.lib AIEFramework_d.lib kernel32.lib user32.lib gdi32.lib winspool.lib comdlg32.lib advapi32.lib shell32.lib ole32.lib oleaut32.lib uuid.lib odbc32.lib odbccp32.lib kernel32.lib user32.lib gdi32.lib winspool.lib comdlg32.lib advapi32.lib shell32.lib ole32.lib oleaut32.lib uuid.lib odbc32.lib odbccp32.lib /MANIFEST /MANIFESTUAC:"level='asInvoker' uiAccess='false'" /manifest:embed /DEBUG /PDB:"Debug\DeferredRendering.pdb" /TLBID:1 /DYNAMICBASE /NXCOMPAT /IMPLIB:"Debug\DeferredRendering.lib" /MACHINE:X86 Debug\DeferredRendering.obj
         AIEFramework_d.lib(SOIL.obj) : MSIL .netmodule or module compiled with /GL found; restarting link with /LTCG; add /LTCG to the link command line to improve linker performance
     1>LINK : warning LNK4075: ignoring '/INCREMENTAL' due to '/LTCG' specification
     1>DeferredRendering.obj : warning LNK4075: ignoring '/EDITANDCONTINUE' due to '/OPT:LBR' specification
     1>LINK : warning LNK4098: defaultlib 'MSVCRT' conflicts with use of other libs; use /NODEFAULTLIB:library
     1>LINK : warning LNK4098: defaultlib 'LIBCMT' conflicts with use of other libs; use /NODEFAULTLIB:library
     1>DeferredRendering.obj : error LNK2001: unresolved external symbol "float const * __cdecl glm::value_ptr<struct glm::detail::swizzle<3,float,struct glm::detail::tvec3<float>,0,1,2,-1> >(struct glm::detail::swizzle<3,float,struct glm::detail::tvec3<float>,0,1,2,-1> const &)" (??$value_ptr@U?$swizzle@$02MU?$tvec3@M@detail@glm@@$0A@$00$01$0?0@detail@glm@@@glm@@YAPBMABU?$swizzle@$02MU?$tvec3@M@detail@glm@@$0A@$00$01$0?0@detail@0@@Z)
     1>Debug\DeferredRendering.exe : fatal error LNK1120: 1 unresolved externals
     1>Done Building Project "C:\Perforce\Elizabeth_9215\2014_Cohort\2nd_Year\Students\elizabeth.rowlands\User\AIE_Year2_Framework\Projects\DeferredRendering\DeferredRendering.vcxproj" (Rebuild target(s)) -- FAILED.

Build FAILED.

Time Elapsed 00:00:10.88
